{"C:\\Users\\lenovo\\Downloads\\FirstTask\\src\\app.ts": {"path":"C:\\Users\\lenovo\\Downloads\\FirstTask\\src\\app.ts","statementMap":{"0":{"start":{"line":5,"column":12},"end":{"line":5,"column":21}},"1":{"start":{"line":9,"column":0},"end":{"line":9,"column":16}},"2":{"start":{"line":10,"column":0},"end":{"line":10,"column":24}},"3":{"start":{"line":13,"column":0},"end":{"line":13,"column":27}},"4":{"start":{"line":16,"column":0},"end":{"line":16,"column":65}},"5":{"start":{"line":16,"column":35},"end":{"line":16,"column":61}}},"fnMap":{"0":{"name":"(anonymous_0)","decl":{"start":{"line":16,"column":19},"end":{"line":16,"column":20}},"loc":{"start":{"line":16,"column":33},"end":{"line":16,"column":63}},"line":16}},"branchMap":{},"s":{"0":1,"1":1,"2":1,"3":1,"4":1,"5":0},"f":{"0":0},"b":{},"_coverageSchema":"1a1c01bbd47fc00a2c39e90264f33305004495a9","hash":"c1f81717feb99cb93631fb6b09da651cdef84e83"}
,"C:\\Users\\lenovo\\Downloads\\FirstTask\\src\\controllers\\api.controllers.ts": {"path":"C:\\Users\\lenovo\\Downloads\\FirstTask\\src\\controllers\\api.controllers.ts","statementMap":{"0":{"start":{"line":3,"column":28},"end":{"line":5,"column":1}},"1":{"start":{"line":4,"column":4},"end":{"line":4,"column":55}},"2":{"start":{"line":7,"column":32},"end":{"line":9,"column":1}},"3":{"start":{"line":8,"column":4},"end":{"line":8,"column":55}}},"fnMap":{"0":{"name":"(anonymous_0)","decl":{"start":{"line":3,"column":28},"end":{"line":3,"column":29}},"loc":{"start":{"line":3,"column":67},"end":{"line":5,"column":1}},"line":3},"1":{"name":"(anonymous_1)","decl":{"start":{"line":7,"column":32},"end":{"line":7,"column":33}},"loc":{"start":{"line":7,"column":71},"end":{"line":9,"column":1}},"line":7}},"branchMap":{},"s":{"0":1,"1":1,"2":1,"3":1},"f":{"0":1,"1":1},"b":{},"_coverageSchema":"1a1c01bbd47fc00a2c39e90264f33305004495a9","hash":"179d9b6229b1c31bc4985896b3540d0f4ce3ecac"}
,"C:\\Users\\lenovo\\Downloads\\FirstTask\\src\\routes\\api.routes.ts": {"path":"C:\\Users\\lenovo\\Downloads\\FirstTask\\src\\routes\\api.routes.ts","statementMap":{"0":{"start":{"line":4,"column":15},"end":{"line":4,"column":23}},"1":{"start":{"line":6,"column":0},"end":{"line":6,"column":36}},"2":{"start":{"line":7,"column":0},"end":{"line":7,"column":39}}},"fnMap":{},"branchMap":{},"s":{"0":1,"1":1,"2":1},"f":{},"b":{},"_coverageSchema":"1a1c01bbd47fc00a2c39e90264f33305004495a9","hash":"618143ab7f321c4ec24b993f966772c6914cbcff"}
}
